<!DOCTYPE html>

<html>
  <head>
  <meta charset='utf-8'>
  <title>TestNG reports</title>

    <link type="text/css" href="testng-reports.css" rel="stylesheet" />
    <script type="text/javascript" src="jquery-1.7.1.min.js"></script>
    <script type="text/javascript" src="testng-reports.js"></script>
    <script type="text/javascript" src="https://www.google.com/jsapi"></script>
    <script type='text/javascript'>
      google.load('visualization', '1', {packages:['table']});
      google.setOnLoadCallback(drawTable);
      var suiteTableInitFunctions = new Array();
      var suiteTableData = new Array();
    </script>
    <!--
      <script type="text/javascript" src="jquery-ui/js/jquery-ui-1.8.16.custom.min.js"></script>
     -->
  </head>

  <body>
    <div class="top-banner-root">
      <span class="top-banner-title-font">Test results</span>
      <br/>
      <span class="top-banner-font-1">1 suite, 3 failed tests</span>
    </div> <!-- top-banner-root -->
    <div class="navigator-root">
      <div class="navigator-suite-header">
        <span>All suites</span>
        <a href="#" class="collapse-all-link" title="Collapse/expand all the suites">
          <img class="collapse-all-icon" src="collapseall.gif">
          </img> <!-- collapse-all-icon -->
        </a> <!-- collapse-all-link -->
      </div> <!-- navigator-suite-header -->
      <div class="suite">
        <div class="rounded-window">
          <div class="suite-header light-rounded-window-top">
            <a href="#" class="navigator-link" panel-name="suite-search-module">
              <span class="suite-name border-failed">search-module</span>
            </a> <!-- navigator-link -->
          </div> <!-- suite-header light-rounded-window-top -->
          <div class="navigator-suite-content">
            <div class="suite-section-title">
              <span>Info</span>
            </div> <!-- suite-section-title -->
            <div class="suite-section-content">
              <ul>
                <li>
                  <a href="#" class="navigator-link " panel-name="test-xml-search-module">
                    <span>C:\Users\bbx7773\IdeaProjects\seleniumdocker\search-module.xml</span>
                  </a> <!-- navigator-link  -->
                </li>
                <li>
                  <a href="#" class="navigator-link " panel-name="testlist-search-module">
                    <span class="test-stats">4 tests</span>
                  </a> <!-- navigator-link  -->
                </li>
                <li>
                  <a href="#" class="navigator-link " panel-name="group-search-module">
                    <span>0 groups</span>
                  </a> <!-- navigator-link  -->
                </li>
                <li>
                  <a href="#" class="navigator-link " panel-name="times-search-module">
                    <span>Times</span>
                  </a> <!-- navigator-link  -->
                </li>
                <li>
                  <a href="#" class="navigator-link " panel-name="reporter-search-module">
                    <span>Reporter output</span>
                  </a> <!-- navigator-link  -->
                </li>
                <li>
                  <a href="#" class="navigator-link " panel-name="ignored-methods-search-module">
                    <span>Ignored methods</span>
                  </a> <!-- navigator-link  -->
                </li>
                <li>
                  <a href="#" class="navigator-link " panel-name="chronological-search-module">
                    <span>Chronological view</span>
                  </a> <!-- navigator-link  -->
                </li>
              </ul>
            </div> <!-- suite-section-content -->
            <div class="result-section">
              <div class="suite-section-title">
                <span>Results</span>
              </div> <!-- suite-section-title -->
              <div class="suite-section-content">
                <ul>
                  <li>
                    <span class="method-stats">4 methods, 3 failed,   1 passed</span>
                  </li>
                  <li>
                    <span class="method-list-title failed">Failed methods</span>
                    <span class="show-or-hide-methods failed">
                      <a href="#" panel-name="suite-search-module" class="hide-methods failed suite-search-module"> (hide)</a> <!-- hide-methods failed suite-search-module -->
                      <a href="#" panel-name="suite-search-module" class="show-methods failed suite-search-module"> (show)</a> <!-- show-methods failed suite-search-module -->
                    </span>
                    <div class="method-list-content failed suite-search-module">
                      <span>
                        <img width="3%" src="failed.png"/>
                        <a href="#" class="method navigator-link" panel-name="suite-search-module" title="searchmodule.tests.SearchTest" hash-for-method="Search(webdriver)">Search(webdriver)</a> <!-- method navigator-link -->
                      </span>
                      <br/>
                      <span>
                        <img width="3%" src="failed.png"/>
                        <a href="#" class="method navigator-link" panel-name="suite-search-module" title="searchmodule.tests.SearchTest" hash-for-method="Search(java)">Search(java)</a> <!-- method navigator-link -->
                      </span>
                      <br/>
                      <span>
                        <img width="3%" src="failed.png"/>
                        <a href="#" class="method navigator-link" panel-name="suite-search-module" title="searchmodule.tests.SearchTest" hash-for-method="Search(selenium)">Search(selenium)</a> <!-- method navigator-link -->
                      </span>
                      <br/>
                    </div> <!-- method-list-content failed suite-search-module -->
                  </li>
                  <li>
                    <span class="method-list-title passed">Passed methods</span>
                    <span class="show-or-hide-methods passed">
                      <a href="#" panel-name="suite-search-module" class="hide-methods passed suite-search-module"> (hide)</a> <!-- hide-methods passed suite-search-module -->
                      <a href="#" panel-name="suite-search-module" class="show-methods passed suite-search-module"> (show)</a> <!-- show-methods passed suite-search-module -->
                    </span>
                    <div class="method-list-content passed suite-search-module">
                      <span>
                        <img width="3%" src="passed.png"/>
                        <a href="#" class="method navigator-link" panel-name="suite-search-module" title="searchmodule.tests.SearchTest" hash-for-method="Search(docker)">Search(docker)</a> <!-- method navigator-link -->
                      </span>
                      <br/>
                    </div> <!-- method-list-content passed suite-search-module -->
                  </li>
                </ul>
              </div> <!-- suite-section-content -->
            </div> <!-- result-section -->
          </div> <!-- navigator-suite-content -->
        </div> <!-- rounded-window -->
      </div> <!-- suite -->
    </div> <!-- navigator-root -->
    <div class="wrapper">
      <div class="main-panel-root">
        <div panel-name="suite-search-module" class="panel search-module">
          <div class="suite-search-module-class-failed">
            <div class="main-panel-header rounded-window-top">
              <img src="failed.png"/>
              <span class="class-name">searchmodule.tests.SearchTest</span>
            </div> <!-- main-panel-header rounded-window-top -->
            <div class="main-panel-content rounded-window-bottom">
              <div class="method">
                <div class="method-content">
                  <a name="Search(webdriver)">
                  </a> <!-- Search(webdriver) -->
                  <span class="method-name">Search</span>
                  <span class="parameters">(webdriver)</span>
                  <div class="stack-trace">org.openqa.selenium.WebDriverException: Failed to interpret value as array
Build info: version: &apos;3.141.59&apos;, revision: &apos;e82be7d358&apos;, time: &apos;2018-11-14T08:17:03&apos;
System info: host: &apos;PU3L3GTR7X1&apos;, ip: &apos;10.0.75.1&apos;, os.name: &apos;Windows 10&apos;, os.arch: &apos;amd64&apos;, os.version: &apos;10.0&apos;, java.version: &apos;1.8.0_121&apos;
Driver info: org.openqa.selenium.remote.RemoteWebDriver
Capabilities {acceptInsecureCerts: true, browserName: firefox, browserVersion: 66.0.1, javascriptEnabled: true, moz:accessibilityChecks: false, moz:geckodriverVersion: 0.24.0, moz:headless: false, moz:processID: 1107, moz:profile: /tmp/rust_mozprofile.fS15tH..., moz:shutdownTimeout: 60000, moz:useNonSpecCompliantPointerOrigin: false, moz:webdriverClick: true, pageLoadStrategy: normal, platform: LINUX, platformName: LINUX, platformVersion: 4.9.125-linuxkit, rotatable: false, setWindowRect: true, strictFileInteractability: false, timeouts: {implicit: 0, pageLoad: 300000, script: 30000}, unhandledPromptBehavior: dismiss and notify, webdriver.remote.sessionid: 4f21c26a-ac73-4bbd-8796-d66...}
Session ID: 4f21c26a-ac73-4bbd-8796-d6604e9d0d6b
*** Element info: {Using=xpath, value=//div[@class=&apos;tile  tile--c--w  tile--vid  has-detail  opt--t-xxs&apos;]}
	at org.openqa.selenium.remote.http.W3CHttpResponseCodec.createException(W3CHttpResponseCodec.java:187)
	at org.openqa.selenium.remote.http.W3CHttpResponseCodec.decode(W3CHttpResponseCodec.java:122)
	at org.openqa.selenium.remote.http.W3CHttpResponseCodec.decode(W3CHttpResponseCodec.java:49)
	at org.openqa.selenium.remote.HttpCommandExecutor.execute(HttpCommandExecutor.java:158)
	at org.openqa.selenium.remote.RemoteWebDriver.execute(RemoteWebDriver.java:552)
	at org.openqa.selenium.remote.RemoteWebDriver.findElements(RemoteWebDriver.java:353)
	at org.openqa.selenium.remote.RemoteWebDriver.findElementsByXPath(RemoteWebDriver.java:432)
	at org.openqa.selenium.By$ByXPath.findElements(By.java:348)
	at org.openqa.selenium.remote.RemoteWebDriver.findElements(RemoteWebDriver.java:311)
	at org.openqa.selenium.support.ui.ExpectedConditions$34.apply(ExpectedConditions.java:967)
	at org.openqa.selenium.support.ui.ExpectedConditions$34.apply(ExpectedConditions.java:962)
	at org.openqa.selenium.support.ui.FluentWait.until(FluentWait.java:249)
	at searchmodule.pages.SearchPage.getResult(SearchPage.java:58)
	at searchmodule.tests.SearchTest.Search(SearchTest.java:23)
	at java.util.concurrent.FutureTask.run(FutureTask.java:266)
	at java.util.concurrent.ThreadPoolExecutor.runWorker(ThreadPoolExecutor.java:1142)
	at java.util.concurrent.ThreadPoolExecutor$Worker.run(ThreadPoolExecutor.java:617)
	at java.lang.Thread.run(Thread.java:745)
... Removed 20 stack frames
</div> <!-- stack-trace -->
                </div> <!-- method-content -->
              </div> <!-- method -->
              <div class="method">
                <div class="method-content">
                  <a name="Search(java)">
                  </a> <!-- Search(java) -->
                  <span class="method-name">Search</span>
                  <span class="parameters">(java)</span>
                  <div class="stack-trace">org.openqa.selenium.WebDriverException: Failed to interpret value as array
Build info: version: &apos;3.141.59&apos;, revision: &apos;e82be7d358&apos;, time: &apos;2018-11-14T08:17:03&apos;
System info: host: &apos;PU3L3GTR7X1&apos;, ip: &apos;10.0.75.1&apos;, os.name: &apos;Windows 10&apos;, os.arch: &apos;amd64&apos;, os.version: &apos;10.0&apos;, java.version: &apos;1.8.0_121&apos;
Driver info: org.openqa.selenium.remote.RemoteWebDriver
Capabilities {acceptInsecureCerts: true, browserName: firefox, browserVersion: 66.0.1, javascriptEnabled: true, moz:accessibilityChecks: false, moz:geckodriverVersion: 0.24.0, moz:headless: false, moz:processID: 1607, moz:profile: /tmp/rust_mozprofile.pndNth..., moz:shutdownTimeout: 60000, moz:useNonSpecCompliantPointerOrigin: false, moz:webdriverClick: true, pageLoadStrategy: normal, platform: LINUX, platformName: LINUX, platformVersion: 4.9.125-linuxkit, rotatable: false, setWindowRect: true, strictFileInteractability: false, timeouts: {implicit: 0, pageLoad: 300000, script: 30000}, unhandledPromptBehavior: dismiss and notify, webdriver.remote.sessionid: 0390bb76-6e21-4da1-93ee-9f3...}
Session ID: 0390bb76-6e21-4da1-93ee-9f32b5210d25
*** Element info: {Using=xpath, value=//div[@class=&apos;tile  tile--c--w  tile--vid  has-detail  opt--t-xxs&apos;]}
	at org.openqa.selenium.remote.http.W3CHttpResponseCodec.createException(W3CHttpResponseCodec.java:187)
	at org.openqa.selenium.remote.http.W3CHttpResponseCodec.decode(W3CHttpResponseCodec.java:122)
	at org.openqa.selenium.remote.http.W3CHttpResponseCodec.decode(W3CHttpResponseCodec.java:49)
	at org.openqa.selenium.remote.HttpCommandExecutor.execute(HttpCommandExecutor.java:158)
	at org.openqa.selenium.remote.RemoteWebDriver.execute(RemoteWebDriver.java:552)
	at org.openqa.selenium.remote.RemoteWebDriver.findElements(RemoteWebDriver.java:353)
	at org.openqa.selenium.remote.RemoteWebDriver.findElementsByXPath(RemoteWebDriver.java:432)
	at org.openqa.selenium.By$ByXPath.findElements(By.java:348)
	at org.openqa.selenium.remote.RemoteWebDriver.findElements(RemoteWebDriver.java:311)
	at org.openqa.selenium.support.ui.ExpectedConditions$34.apply(ExpectedConditions.java:967)
	at org.openqa.selenium.support.ui.ExpectedConditions$34.apply(ExpectedConditions.java:962)
	at org.openqa.selenium.support.ui.FluentWait.until(FluentWait.java:249)
	at searchmodule.pages.SearchPage.getResult(SearchPage.java:58)
	at searchmodule.tests.SearchTest.Search(SearchTest.java:23)
	at java.util.concurrent.FutureTask.run(FutureTask.java:266)
	at java.util.concurrent.ThreadPoolExecutor.runWorker(ThreadPoolExecutor.java:1142)
	at java.util.concurrent.ThreadPoolExecutor$Worker.run(ThreadPoolExecutor.java:617)
	at java.lang.Thread.run(Thread.java:745)
... Removed 20 stack frames
</div> <!-- stack-trace -->
                </div> <!-- method-content -->
              </div> <!-- method -->
              <div class="method">
                <div class="method-content">
                  <a name="Search(selenium)">
                  </a> <!-- Search(selenium) -->
                  <span class="method-name">Search</span>
                  <span class="parameters">(selenium)</span>
                  <div class="stack-trace">org.openqa.selenium.WebDriverException: Failed to decode response from marionette
Build info: version: &apos;3.141.59&apos;, revision: &apos;e82be7d358&apos;, time: &apos;2018-11-14T08:17:03&apos;
System info: host: &apos;PU3L3GTR7X1&apos;, ip: &apos;10.0.75.1&apos;, os.name: &apos;Windows 10&apos;, os.arch: &apos;amd64&apos;, os.version: &apos;10.0&apos;, java.version: &apos;1.8.0_121&apos;
Driver info: org.openqa.selenium.remote.RemoteWebDriver
Capabilities {acceptInsecureCerts: true, browserName: firefox, browserVersion: 66.0.1, javascriptEnabled: true, moz:accessibilityChecks: false, moz:geckodriverVersion: 0.24.0, moz:headless: false, moz:processID: 1877, moz:profile: /tmp/rust_mozprofile.Xr61OF..., moz:shutdownTimeout: 60000, moz:useNonSpecCompliantPointerOrigin: false, moz:webdriverClick: true, pageLoadStrategy: normal, platform: LINUX, platformName: LINUX, platformVersion: 4.9.125-linuxkit, rotatable: false, setWindowRect: true, strictFileInteractability: false, timeouts: {implicit: 0, pageLoad: 300000, script: 30000}, unhandledPromptBehavior: dismiss and notify, webdriver.remote.sessionid: 6b2d8741-6251-48a5-ba91-0f3...}
Session ID: 6b2d8741-6251-48a5-ba91-0f3e81c9556e
*** Element info: {Using=xpath, value=//div[@class=&apos;tile  tile--c--w  tile--vid  has-detail  opt--t-xxs&apos;]}
	at org.openqa.selenium.remote.http.W3CHttpResponseCodec.createException(W3CHttpResponseCodec.java:187)
	at org.openqa.selenium.remote.http.W3CHttpResponseCodec.decode(W3CHttpResponseCodec.java:122)
	at org.openqa.selenium.remote.http.W3CHttpResponseCodec.decode(W3CHttpResponseCodec.java:49)
	at org.openqa.selenium.remote.HttpCommandExecutor.execute(HttpCommandExecutor.java:158)
	at org.openqa.selenium.remote.RemoteWebDriver.execute(RemoteWebDriver.java:552)
	at org.openqa.selenium.remote.RemoteWebDriver.findElements(RemoteWebDriver.java:353)
	at org.openqa.selenium.remote.RemoteWebDriver.findElementsByXPath(RemoteWebDriver.java:432)
	at org.openqa.selenium.By$ByXPath.findElements(By.java:348)
	at org.openqa.selenium.remote.RemoteWebDriver.findElements(RemoteWebDriver.java:311)
	at org.openqa.selenium.support.ui.ExpectedConditions$34.apply(ExpectedConditions.java:967)
	at org.openqa.selenium.support.ui.ExpectedConditions$34.apply(ExpectedConditions.java:962)
	at org.openqa.selenium.support.ui.FluentWait.until(FluentWait.java:249)
	at searchmodule.pages.SearchPage.getResult(SearchPage.java:58)
	at searchmodule.tests.SearchTest.Search(SearchTest.java:23)
	at java.util.concurrent.FutureTask.run(FutureTask.java:266)
	at java.util.concurrent.ThreadPoolExecutor.runWorker(ThreadPoolExecutor.java:1142)
	at java.util.concurrent.ThreadPoolExecutor$Worker.run(ThreadPoolExecutor.java:617)
	at java.lang.Thread.run(Thread.java:745)
... Removed 20 stack frames
</div> <!-- stack-trace -->
                </div> <!-- method-content -->
              </div> <!-- method -->
            </div> <!-- main-panel-content rounded-window-bottom -->
          </div> <!-- suite-search-module-class-failed -->
          <div class="suite-search-module-class-passed">
            <div class="main-panel-header rounded-window-top">
              <img src="passed.png"/>
              <span class="class-name">searchmodule.tests.SearchTest</span>
            </div> <!-- main-panel-header rounded-window-top -->
            <div class="main-panel-content rounded-window-bottom">
              <div class="method">
                <div class="method-content">
                  <a name="Search(docker)">
                  </a> <!-- Search(docker) -->
                  <span class="method-name">Search</span>
                  <span class="parameters">(docker)</span>
                </div> <!-- method-content -->
              </div> <!-- method -->
            </div> <!-- main-panel-content rounded-window-bottom -->
          </div> <!-- suite-search-module-class-passed -->
        </div> <!-- panel search-module -->
        <div panel-name="test-xml-search-module" class="panel">
          <div class="main-panel-header rounded-window-top">
            <span class="header-content">C:\Users\bbx7773\IdeaProjects\seleniumdocker\search-module.xml</span>
          </div> <!-- main-panel-header rounded-window-top -->
          <div class="main-panel-content rounded-window-bottom">
            <pre>
&lt;?xml version=&quot;1.0&quot; encoding=&quot;UTF-8&quot;?&gt;
&lt;!DOCTYPE suite SYSTEM &quot;http://testng.org/testng-1.0.dtd&quot;&gt;
&lt;suite guice-stage=&quot;DEVELOPMENT&quot; name=&quot;search-module&quot; parallel=&quot;tests&quot;&gt;
  &lt;test thread-count=&quot;5&quot; name=&quot;search-test-java&quot; parallel=&quot;tests&quot;&gt;
    &lt;parameter name=&quot;keyword&quot; value=&quot;java&quot;/&gt;
    &lt;classes&gt;
      &lt;class name=&quot;searchmodule.tests.SearchTest&quot;/&gt;
    &lt;/classes&gt;
  &lt;/test&gt; &lt;!-- search-test-java --&gt;
  &lt;test thread-count=&quot;5&quot; name=&quot;search-test-java-2&quot; parallel=&quot;tests&quot;&gt;
    &lt;parameter name=&quot;keyword&quot; value=&quot;webdriver&quot;/&gt;
    &lt;classes&gt;
      &lt;class name=&quot;searchmodule.tests.SearchTest&quot;/&gt;
    &lt;/classes&gt;
  &lt;/test&gt; &lt;!-- search-test-java-2 --&gt;
  &lt;test thread-count=&quot;5&quot; name=&quot;search-test-java-3&quot; parallel=&quot;tests&quot;&gt;
    &lt;parameter name=&quot;keyword&quot; value=&quot;docker&quot;/&gt;
    &lt;classes&gt;
      &lt;class name=&quot;searchmodule.tests.SearchTest&quot;/&gt;
    &lt;/classes&gt;
  &lt;/test&gt; &lt;!-- search-test-java-3 --&gt;
  &lt;test thread-count=&quot;5&quot; name=&quot;search-test-java-4&quot; parallel=&quot;tests&quot;&gt;
    &lt;parameter name=&quot;keyword&quot; value=&quot;selenium&quot;/&gt;
    &lt;classes&gt;
      &lt;class name=&quot;searchmodule.tests.SearchTest&quot;/&gt;
    &lt;/classes&gt;
  &lt;/test&gt; &lt;!-- search-test-java-4 --&gt;
&lt;/suite&gt; &lt;!-- search-module --&gt;
            </pre>
          </div> <!-- main-panel-content rounded-window-bottom -->
        </div> <!-- panel -->
        <div panel-name="testlist-search-module" class="panel">
          <div class="main-panel-header rounded-window-top">
            <span class="header-content">Tests for search-module</span>
          </div> <!-- main-panel-header rounded-window-top -->
          <div class="main-panel-content rounded-window-bottom">
            <ul>
              <li>
                <span class="test-name">search-test-java (1 class)</span>
              </li>
              <li>
                <span class="test-name">search-test-java-2 (1 class)</span>
              </li>
              <li>
                <span class="test-name">search-test-java-3 (1 class)</span>
              </li>
              <li>
                <span class="test-name">search-test-java-4 (1 class)</span>
              </li>
            </ul>
          </div> <!-- main-panel-content rounded-window-bottom -->
        </div> <!-- panel -->
        <div panel-name="group-search-module" class="panel">
          <div class="main-panel-header rounded-window-top">
            <span class="header-content">Groups for search-module</span>
          </div> <!-- main-panel-header rounded-window-top -->
          <div class="main-panel-content rounded-window-bottom">
          </div> <!-- main-panel-content rounded-window-bottom -->
        </div> <!-- panel -->
        <div panel-name="times-search-module" class="panel">
          <div class="main-panel-header rounded-window-top">
            <span class="header-content">Times for search-module</span>
          </div> <!-- main-panel-header rounded-window-top -->
          <div class="main-panel-content rounded-window-bottom">
            <div class="times-div">
              <script type="text/javascript">
suiteTableInitFunctions.push('tableData_search-module');
function tableData_search-module() {
var data = new google.visualization.DataTable();
data.addColumn('number', 'Number');
data.addColumn('string', 'Method');
data.addColumn('string', 'Class');
data.addColumn('number', 'Time (ms)');
data.addRows(4);
data.setCell(0, 0, 0)
data.setCell(0, 1, 'Search')
data.setCell(0, 2, 'searchmodule.tests.SearchTest')
data.setCell(0, 3, 6574);
data.setCell(1, 0, 1)
data.setCell(1, 1, 'Search')
data.setCell(1, 2, 'searchmodule.tests.SearchTest')
data.setCell(1, 3, 4886);
data.setCell(2, 0, 2)
data.setCell(2, 1, 'Search')
data.setCell(2, 2, 'searchmodule.tests.SearchTest')
data.setCell(2, 3, 4713);
data.setCell(3, 0, 3)
data.setCell(3, 1, 'Search')
data.setCell(3, 2, 'searchmodule.tests.SearchTest')
data.setCell(3, 3, 4447);
window.suiteTableData['search-module']= { tableData: data, tableDiv: 'times-div-search-module'}
return data;
}
              </script>
              <span class="suite-total-time">Total running time: 20 seconds</span>
              <div id="times-div-search-module">
              </div> <!-- times-div-search-module -->
            </div> <!-- times-div -->
          </div> <!-- main-panel-content rounded-window-bottom -->
        </div> <!-- panel -->
        <div panel-name="reporter-search-module" class="panel">
          <div class="main-panel-header rounded-window-top">
            <span class="header-content">Reporter output for search-module</span>
          </div> <!-- main-panel-header rounded-window-top -->
          <div class="main-panel-content rounded-window-bottom">
          </div> <!-- main-panel-content rounded-window-bottom -->
        </div> <!-- panel -->
        <div panel-name="ignored-methods-search-module" class="panel">
          <div class="main-panel-header rounded-window-top">
            <span class="header-content">0 ignored methods</span>
          </div> <!-- main-panel-header rounded-window-top -->
          <div class="main-panel-content rounded-window-bottom">
          </div> <!-- main-panel-content rounded-window-bottom -->
        </div> <!-- panel -->
        <div panel-name="chronological-search-module" class="panel">
          <div class="main-panel-header rounded-window-top">
            <span class="header-content">Methods in chronological order</span>
          </div> <!-- main-panel-header rounded-window-top -->
          <div class="main-panel-content rounded-window-bottom">
            <div class="chronological-class">
              <div class="chronological-class-name">searchmodule.tests.SearchTest</div> <!-- chronological-class-name -->
              <div class="configuration-test before">
                <span class="method-name">setupDriver(org.testng.TestRunner@180bc464)</span>
                <span class="method-start">0 ms</span>
              </div> <!-- configuration-test before -->
              <div class="configuration-test before">
                <span class="method-name">setupDriver(org.testng.TestRunner@246ae04d)</span>
                <span class="method-start">0 ms</span>
              </div> <!-- configuration-test before -->
              <div class="configuration-test before">
                <span class="method-name">setupDriver(org.testng.TestRunner@5315b42e)</span>
                <span class="method-start">1 ms</span>
              </div> <!-- configuration-test before -->
              <div class="configuration-test before">
                <span class="method-name">setupDriver(org.testng.TestRunner@62043840)</span>
                <span class="method-start">1 ms</span>
              </div> <!-- configuration-test before -->
              <div class="test-method">
                <img src="failed.png">
                </img>
                <span class="method-name">Search(webdriver)</span>
                <span class="method-start">5203 ms</span>
              </div> <!-- test-method -->
              <div class="configuration-test after">
                <img src="failed.png">
                </img>
                <span class="method-name">quitDriver</span>
                <span class="method-start">9920 ms</span>
              </div> <!-- configuration-test after -->
              <div class="test-method">
                <span class="method-name">Search(docker)</span>
                <span class="method-start">14932 ms</span>
              </div> <!-- test-method -->
              <div class="configuration-test after">
                <span class="method-name">quitDriver</span>
                <span class="method-start">19819 ms</span>
              </div> <!-- configuration-test after -->
              <div class="test-method">
                <img src="failed.png">
                </img>
                <span class="method-name">Search(java)</span>
                <span class="method-start">24549 ms</span>
              </div> <!-- test-method -->
              <div class="configuration-test after">
                <img src="failed.png">
                </img>
                <span class="method-name">quitDriver</span>
                <span class="method-start">28996 ms</span>
              </div> <!-- configuration-test after -->
              <div class="test-method">
                <img src="failed.png">
                </img>
                <span class="method-name">Search(selenium)</span>
                <span class="method-start">35318 ms</span>
              </div> <!-- test-method -->
              <div class="configuration-test after">
                <img src="failed.png">
                </img>
                <span class="method-name">quitDriver</span>
                <span class="method-start">41892 ms</span>
              </div> <!-- configuration-test after -->
          </div> <!-- main-panel-content rounded-window-bottom -->
        </div> <!-- panel -->
      </div> <!-- main-panel-root -->
    </div> <!-- wrapper -->
  </body>
</html>
